Traceback (most recent call last):
  File "/home/brianmina17/workspace/github.com/brianmina/my_message/main.py", line 1, in <module>
    import pyautogui
ModuleNotFoundError: No module named 'pyautogui'
Traceback (most recent call last):
  File "/home/brianmina17/workspace/github.com/brianmina/my_message/main.py", line 4, in <module>
    import pyautogui
  File "/home/brianmina17/.pyenv/versions/3.12.2/lib/python3.12/site-packages/pyautogui/__init__.py", line 246, in <module>
    import mouseinfo
  File "/home/brianmina17/.pyenv/versions/3.12.2/lib/python3.12/site-packages/mouseinfo/__init__.py", line 223, in <module>
    _display = Display(os.environ['DISPLAY'])
                       ~~~~~~~~~~^^^^^^^^^^^
  File "<frozen os>", line 685, in __getitem__
KeyError: 'DISPLAY'
Traceback (most recent call last):
  File "/home/brianmina17/workspace/github.com/brianmina/my_message/main.py", line 4, in <module>
    import pyautogui
  File "/home/brianmina17/.pyenv/versions/3.12.2/lib/python3.12/site-packages/pyautogui/__init__.py", line 246, in <module>
    import mouseinfo
  File "/home/brianmina17/.pyenv/versions/3.12.2/lib/python3.12/site-packages/mouseinfo/__init__.py", line 223, in <module>
    _display = Display(os.environ['DISPLAY'])
                       ~~~~~~~~~~^^^^^^^^^^^
  File "<frozen os>", line 685, in __getitem__
KeyError: 'DISPLAY'
Traceback (most recent call last):
  File "/home/brianmina17/workspace/github.com/brianmina/my_message/main.py", line 4, in <module>
    import pyautogui
  File "/home/brianmina17/.pyenv/versions/3.12.2/lib/python3.12/site-packages/pyautogui/__init__.py", line 246, in <module>
    import mouseinfo
  File "/home/brianmina17/.pyenv/versions/3.12.2/lib/python3.12/site-packages/mouseinfo/__init__.py", line 223, in <module>
    _display = Display(os.environ['DISPLAY'])
                       ~~~~~~~~~~^^^^^^^^^^^
  File "<frozen os>", line 685, in __getitem__
KeyError: 'DISPLAY'
Traceback (most recent call last):
  File "/home/brianmina17/workspace/github.com/brianmina/my_message/main.py", line 4, in <module>
    import pyautogui
  File "/home/brianmina17/.pyenv/versions/3.12.2/lib/python3.12/site-packages/pyautogui/__init__.py", line 246, in <module>
    import mouseinfo
  File "/home/brianmina17/.pyenv/versions/3.12.2/lib/python3.12/site-packages/mouseinfo/__init__.py", line 223, in <module>
    _display = Display(os.environ['DISPLAY'])
                       ~~~~~~~~~~^^^^^^^^^^^
  File "<frozen os>", line 685, in __getitem__
KeyError: 'DISPLAY'
Traceback (most recent call last):
  File "/home/brianmina17/workspace/github.com/brianmina/my_message/main.py", line 4, in <module>
    import pyautogui
  File "/home/brianmina17/.pyenv/versions/3.12.2/lib/python3.12/site-packages/pyautogui/__init__.py", line 246, in <module>
    import mouseinfo
  File "/home/brianmina17/.pyenv/versions/3.12.2/lib/python3.12/site-packages/mouseinfo/__init__.py", line 223, in <module>
    _display = Display(os.environ['DISPLAY'])
                       ~~~~~~~~~~^^^^^^^^^^^
  File "<frozen os>", line 685, in __getitem__
KeyError: 'DISPLAY'
Traceback (most recent call last):
  File "/home/brianmina17/workspace/github.com/brianmina/my_message/main.py", line 4, in <module>
    import pyautogui
  File "/home/brianmina17/.pyenv/versions/3.12.2/lib/python3.12/site-packages/pyautogui/__init__.py", line 246, in <module>
    import mouseinfo
  File "/home/brianmina17/.pyenv/versions/3.12.2/lib/python3.12/site-packages/mouseinfo/__init__.py", line 223, in <module>
    _display = Display(os.environ['DISPLAY'])
                       ~~~~~~~~~~^^^^^^^^^^^
  File "<frozen os>", line 685, in __getitem__
KeyError: 'DISPLAY'
Traceback (most recent call last):
  File "/home/brianmina17/workspace/github.com/brianmina/my_message/main.py", line 4, in <module>
    import pyautogui
  File "/home/brianmina17/.pyenv/versions/3.12.2/lib/python3.12/site-packages/pyautogui/__init__.py", line 246, in <module>
    import mouseinfo
  File "/home/brianmina17/.pyenv/versions/3.12.2/lib/python3.12/site-packages/mouseinfo/__init__.py", line 223, in <module>
    _display = Display(os.environ['DISPLAY'])
                       ~~~~~~~~~~^^^^^^^^^^^
  File "<frozen os>", line 685, in __getitem__
KeyError: 'DISPLAY'
Traceback (most recent call last):
  File "/home/brianmina17/workspace/github.com/brianmina/my_message/main.py", line 4, in <module>
    import pyautogui
  File "/home/brianmina17/.pyenv/versions/3.12.2/lib/python3.12/site-packages/pyautogui/__init__.py", line 246, in <module>
    import mouseinfo
  File "/home/brianmina17/.pyenv/versions/3.12.2/lib/python3.12/site-packages/mouseinfo/__init__.py", line 223, in <module>
    _display = Display(os.environ['DISPLAY'])
                       ~~~~~~~~~~^^^^^^^^^^^
  File "<frozen os>", line 685, in __getitem__
KeyError: 'DISPLAY'
Traceback (most recent call last):
  File "/home/brianmina17/workspace/github.com/brianmina/my_message/main.py", line 4, in <module>
    import pyautogui
  File "/home/brianmina17/.pyenv/versions/3.12.2/lib/python3.12/site-packages/pyautogui/__init__.py", line 246, in <module>
    import mouseinfo
  File "/home/brianmina17/.pyenv/versions/3.12.2/lib/python3.12/site-packages/mouseinfo/__init__.py", line 223, in <module>
    _display = Display(os.environ['DISPLAY'])
                       ~~~~~~~~~~^^^^^^^^^^^
  File "<frozen os>", line 685, in __getitem__
KeyError: 'DISPLAY'
Traceback (most recent call last):
  File "/home/brianmina17/workspace/github.com/brianmina/my_message/main.py", line 4, in <module>
    import pyautogui
  File "/home/brianmina17/.pyenv/versions/3.12.2/lib/python3.12/site-packages/pyautogui/__init__.py", line 246, in <module>
    import mouseinfo
  File "/home/brianmina17/.pyenv/versions/3.12.2/lib/python3.12/site-packages/mouseinfo/__init__.py", line 223, in <module>
    _display = Display(os.environ['DISPLAY'])
                       ~~~~~~~~~~^^^^^^^^^^^
  File "<frozen os>", line 685, in __getitem__
KeyError: 'DISPLAY'
Traceback (most recent call last):
  File "/home/brianmina17/workspace/github.com/brianmina/my_message/main.py", line 4, in <module>
    import pyautogui
  File "/home/brianmina17/.pyenv/versions/3.12.2/lib/python3.12/site-packages/pyautogui/__init__.py", line 246, in <module>
    import mouseinfo
  File "/home/brianmina17/.pyenv/versions/3.12.2/lib/python3.12/site-packages/mouseinfo/__init__.py", line 223, in <module>
    _display = Display(os.environ['DISPLAY'])
                       ~~~~~~~~~~^^^^^^^^^^^
  File "<frozen os>", line 685, in __getitem__
KeyError: 'DISPLAY'
Traceback (most recent call last):
  File "/home/brianmina17/workspace/github.com/brianmina/my_message/main.py", line 4, in <module>
    import pyautogui
  File "/home/brianmina17/.pyenv/versions/3.12.2/lib/python3.12/site-packages/pyautogui/__init__.py", line 246, in <module>
    import mouseinfo
  File "/home/brianmina17/.pyenv/versions/3.12.2/lib/python3.12/site-packages/mouseinfo/__init__.py", line 223, in <module>
    _display = Display(os.environ['DISPLAY'])
                       ~~~~~~~~~~^^^^^^^^^^^
  File "<frozen os>", line 685, in __getitem__
KeyError: 'DISPLAY'
Traceback (most recent call last):
  File "/home/brianmina17/workspace/github.com/brianmina/my_message/main.py", line 4, in <module>
    import pyautogui
  File "/home/brianmina17/.pyenv/versions/3.12.2/lib/python3.12/site-packages/pyautogui/__init__.py", line 246, in <module>
    import mouseinfo
  File "/home/brianmina17/.pyenv/versions/3.12.2/lib/python3.12/site-packages/mouseinfo/__init__.py", line 223, in <module>
    _display = Display(os.environ['DISPLAY'])
                       ~~~~~~~~~~^^^^^^^^^^^
  File "<frozen os>", line 685, in __getitem__
KeyError: 'DISPLAY'
pressing key...
pressing key...
The combination of 'shift' + 'tab' has been pressed 2 times succesfully!
Hello World
Today is 2024-06-24 07:55:01.857434
Bye for now
pressing key...
pressing key...
pressing key...
pressing key...
pressing key...
pressing key...
pressing key...
The combination of 'shift' + 'tab' has been pressed 7 times succesfully!
pressing key...
pressing key...
The combination of 'shift' + 'tab' has been pressed 2 times succesfully!
Hello World
Today is 2024-06-24 07:56:02.432769
Bye for now
pressing key...
pressing key...
pressing key...
pressing key...
pressing key...
pressing key...
pressing key...
The combination of 'shift' + 'tab' has been pressed 7 times succesfully!
pressing key...
pressing key...
The combination of 'shift' + 'tab' has been pressed 2 times succesfully!
Hello World
Today is 2024-06-24 07:57:02.005987
Bye for now
pressing key...
pressing key...
pressing key...
pressing key...
pressing key...
pressing key...
pressing key...
The combination of 'shift' + 'tab' has been pressed 7 times succesfully!
pressing key...
pressing key...
The combination of 'shift' + 'tab' has been pressed 2 times succesfully!
Hello World
Today is 2024-06-24 07:58:01.583284
Bye for now
pressing key...
pressing key...
pressing key...
pressing key...
pressing key...
pressing key...
pressing key...
The combination of 'shift' + 'tab' has been pressed 7 times succesfully!
pressing key...
pressing key...
The combination of 'shift' + 'tab' has been pressed 2 times succesfully!
Hello World
Today is 2024-06-24 07:59:02.160263
Bye for now
pressing key...
pressing key...
pressing key...
pressing key...
pressing key...
pressing key...
pressing key...
The combination of 'shift' + 'tab' has been pressed 7 times succesfully!
pressing key...
pressing key...
The combination of 'shift' + 'tab' has been pressed 2 times succesfully!
Hello World
Today is 2024-06-24 08:00:01.732381
Bye for now
pressing key...
pressing key...
pressing key...
pressing key...
pressing key...
pressing key...
pressing key...
The combination of 'shift' + 'tab' has been pressed 7 times succesfully!
pressing key...
pressing key...
The combination of 'shift' + 'tab' has been pressed 2 times succesfully!
Hello World
Today is 2024-06-24 08:01:02.303979
Bye for now
pressing key...
pressing key...
pressing key...
pressing key...
pressing key...
pressing key...
pressing key...
The combination of 'shift' + 'tab' has been pressed 7 times succesfully!
pressing key...
pressing key...
The combination of 'shift' + 'tab' has been pressed 2 times succesfully!
Hello World
Today is 2024-06-24 08:02:01.876395
Bye for now
pressing key...
pressing key...
pressing key...
pressing key...
pressing key...
pressing key...
pressing key...
The combination of 'shift' + 'tab' has been pressed 7 times succesfully!
pressing key...
pressing key...
The combination of 'shift' + 'tab' has been pressed 2 times succesfully!
Hello World
Today is 2024-06-24 08:03:02.450546
Bye for now
pressing key...
pressing key...
pressing key...
pressing key...
pressing key...
pressing key...
pressing key...
The combination of 'shift' + 'tab' has been pressed 7 times succesfully!
pressing key...
pressing key...
The combination of 'shift' + 'tab' has been pressed 2 times succesfully!
Hello World
Today is 2024-06-24 08:04:02.068354
Bye for now
pressing key...
pressing key...
pressing key...
pressing key...
pressing key...
pressing key...
pressing key...
The combination of 'shift' + 'tab' has been pressed 7 times succesfully!
pressing key...
pressing key...
The combination of 'shift' + 'tab' has been pressed 2 times succesfully!
Hello World
Today is 2024-06-24 08:05:01.686422
Bye for now
pressing key...
pressing key...
pressing key...
pressing key...
pressing key...
pressing key...
pressing key...
The combination of 'shift' + 'tab' has been pressed 7 times succesfully!
pressing key...
pressing key...
The combination of 'shift' + 'tab' has been pressed 2 times succesfully!
Hello World
Today is 2024-06-24 08:06:02.307368
Bye for now
pressing key...
pressing key...
pressing key...
pressing key...
pressing key...
pressing key...
pressing key...
The combination of 'shift' + 'tab' has been pressed 7 times succesfully!
pressing key...
pressing key...
The combination of 'shift' + 'tab' has been pressed 2 times succesfully!
Hello World
Today is 2024-06-24 08:07:01.932522
Bye for now
pressing key...
pressing key...
pressing key...
pressing key...
pressing key...
pressing key...
pressing key...
The combination of 'shift' + 'tab' has been pressed 7 times succesfully!
